=============== C ============================
gcc (Ubuntu 13.3.0-6ubuntu2~24.04) 13.3.0
Number of rounds: 3000000000
Elapsed time (s): 3.635
3.14159265

=============== D (ldc2) =====================
LDC - the LLVM D compiler (1.24.0):
Number of rounds: 3000000000
Elapsed time (s): 3.635
3.14159265

=============== zig ==========================
zig 0.13.0
Number of rounds: 3000000000
Elapsed time (s): 3.639
3.14159265

=============== Go ===========================
go version go1.24.0 linux/amd64
Number of rounds: 3000000000
Elapsed time (s): 3.638
3.14159265

=============== Java Compile ================================================
javac 21.0.9
=============== Hotspot -server =============================================
openjdk 21.0.9 2025-10-21
Number of rounds: 3000000000
Elapsed time (s): 7.998
3.14159265

=============== Hotspot -server -XX:+TieredCompilation ======================
openjdk 21.0.9 2025-10-21
Number of rounds: 3000000000
Elapsed time (s): 7.997
3.14159265

